# JRE version: Java(TM) SE Runtime Environment (8.0_25-b17) (build 1.8.0_25-b17)
# Java VM: Java HotSpot(TM) 64-Bit Server VM (25.25-b02 mixed mode bsd-amd64 compressed oops)
Heap:
 PSYoungGen      total 690176K, used 190682K [0x0000000795580000, 0x00000007c0000000, 0x00000007c0000000)
  eden space 681472K, 27% used [0x0000000795580000,0x00000007a0f469b0,0x00000007bef00000)
  from space 8704K, 5% used [0x00000007bef00000,0x00000007bef70000,0x00000007bf780000)
  to   space 8704K, 0% used [0x00000007bf780000,0x00000007bf780000,0x00000007c0000000)
 ParOldGen       total 72192K, used 38775K [0x0000000740000000, 0x0000000744680000, 0x0000000795580000)
  object space 72192K, 53% used [0x0000000740000000,0x00000007425ddde0,0x0000000744680000)
 Metaspace       used 41790K, capacity 55995K, committed 56112K, reserved 1091584K
  class space    used 10186K, capacity 14844K, committed 14896K, reserved 1048576K
GC Heap History (10 events):
Event: 7448.811 GC heap before
{Heap before GC invocations=15 (full 2):
 PSYoungGen      total 690176K, used 3452K [0x0000000795580000, 0x00000007c0000000, 0x00000007c0000000)
  eden space 681472K, 0% used [0x0000000795580000,0x0000000795580000,0x00000007bef00000)
  from space 8704K, 39% used [0x00000007bef00000,0x00000007bf25f150,0x00000007bf780000)
  to   space 8704K, 0% used [0x00000007bf780000,0x00000007bf780000,0x00000007c0000000)
 ParOldGen       total 52736K, used 19876K [0x0000000740000000, 0x0000000743380000, 0x0000000795580000)
  object space 52736K, 37% used [0x0000000740000000,0x0000000741369350,0x0000000743380000)
 Metaspace       used 29409K, capacity 35451K, committed 35496K, reserved 1075200K
  class space    used 6758K, capacity 8965K, committed 9008K, reserved 1048576K
Event: 7448.911 GC heap after
Heap after GC invocations=15 (full 2):
 PSYoungGen      total 690176K, used 0K [0x0000000795580000, 0x00000007c0000000, 0x00000007c0000000)
  eden space 681472K, 0% used [0x0000000795580000,0x0000000795580000,0x00000007bef00000)
  from space 8704K, 0% used [0x00000007bef00000,0x00000007bef00000,0x00000007bf780000)
  to   space 8704K, 0% used [0x00000007bf780000,0x00000007bf780000,0x00000007c0000000)
 ParOldGen       total 72192K, used 22428K [0x0000000740000000, 0x0000000744680000, 0x0000000795580000)
  object space 72192K, 31% used [0x0000000740000000,0x00000007415e7160,0x0000000744680000)
 Metaspace       used 29407K, capacity 35449K, committed 35496K, reserved 1075200K
  class space    used 6757K, capacity 8964K, committed 9008K, reserved 1048576K
}
Event: 7449.962 GC heap before
{Heap before GC invocations=16 (full 2):
 PSYoungGen      total 690176K, used 681472K [0x0000000795580000, 0x00000007c0000000, 0x00000007c0000000)
  eden space 681472K, 100% used [0x0000000795580000,0x00000007bef00000,0x00000007bef00000)
  from space 8704K, 0% used [0x00000007bef00000,0x00000007bef00000,0x00000007bf780000)
  to   space 8704K, 0% used [0x00000007bf780000,0x00000007bf780000,0x00000007c0000000)
 ParOldGen       total 72192K, used 22428K [0x0000000740000000, 0x0000000744680000, 0x0000000795580000)
  object space 72192K, 31% used [0x0000000740000000,0x00000007415e7160,0x0000000744680000)
 Metaspace       used 30203K, capacity 36535K, committed 36784K, reserved 1077248K
  class space    used 6987K, capacity 9271K, committed 9392K, reserved 1048576K
Event: 7449.968 GC heap after
Heap after GC invocations=16 (full 2):
 PSYoungGen      total 689152K, used 4795K [0x0000000795580000, 0x00000007bff00000, 0x00000007c0000000)
  eden space 681472K, 0% used [0x0000000795580000,0x0000000795580000,0x00000007bef00000)
  from space 7680K, 62% used [0x00000007bf780000,0x00000007bfc2ed78,0x00000007bff00000)
  to   space 8192K, 0% used [0x00000007bef00000,0x00000007bef00000,0x00000007bf700000)
 ParOldGen       total 72192K, used 22436K [0x0000000740000000, 0x0000000744680000, 0x0000000795580000)
  object space 72192K, 31% used [0x0000000740000000,0x00000007415e9160,0x0000000744680000)
 Metaspace       used 30203K, capacity 36535K, committed 36784K, reserved 1077248K
  class space    used 6987K, capacity 9271K, committed 9392K, reserved 1048576K
}
Event: 7453.011 GC heap before
{Heap before GC invocations=17 (full 2):
 PSYoungGen      total 689152K, used 686267K [0x0000000795580000, 0x00000007bff00000, 0x00000007c0000000)
  eden space 681472K, 100% used [0x0000000795580000,0x00000007bef00000,0x00000007bef00000)
  from space 7680K, 62% used [0x00000007bf780000,0x00000007bfc2ed78,0x00000007bff00000)
  to   space 8192K, 0% used [0x00000007bef00000,0x00000007bef00000,0x00000007bf700000)
 ParOldGen       total 72192K, used 22436K [0x0000000740000000, 0x0000000744680000, 0x0000000795580000)
  object space 72192K, 31% used [0x0000000740000000,0x00000007415e9160,0x0000000744680000)
 Metaspace       used 34741K, capacity 44095K, committed 44208K, reserved 1081344K
  class space    used 8275K, capacity 11415K, committed 11440K, reserved 1048576K
Event: 7453.039 GC heap after
Heap after GC invocations=17 (full 2):
 PSYoungGen      total 689664K, used 6560K [0x0000000795580000, 0x00000007c0000000, 0x00000007c0000000)
  eden space 681472K, 0% used [0x0000000795580000,0x0000000795580000,0x00000007bef00000)
  from space 8192K, 80% used [0x00000007bef00000,0x00000007bf568030,0x00000007bf700000)
  to   space 8704K, 0% used [0x00000007bf780000,0x00000007bf780000,0x00000007c0000000)
 ParOldGen       total 72192K, used 27047K [0x0000000740000000, 0x0000000744680000, 0x0000000795580000)
  object space 72192K, 37% used [0x0000000740000000,0x0000000741a69d90,0x0000000744680000)
 Metaspace       used 34741K, capacity 44095K, committed 44208K, reserved 1081344K
  class space    used 8275K, capacity 11415K, committed 11440K, reserved 1048576K
}
Event: 7457.334 GC heap before
{Heap before GC invocations=18 (full 2):
 PSYoungGen      total 689664K, used 688032K [0x0000000795580000, 0x00000007c0000000, 0x00000007c0000000)
  eden space 681472K, 100% used [0x0000000795580000,0x00000007bef00000,0x00000007bef00000)
  from space 8192K, 80% used [0x00000007bef00000,0x00000007bf568030,0x00000007bf700000)
  to   space 8704K, 0% used [0x00000007bf780000,0x00000007bf780000,0x00000007c0000000)
 ParOldGen       total 72192K, used 27047K [0x0000000740000000, 0x0000000744680000, 0x0000000795580000)
  object space 72192K, 37% used [0x0000000740000000,0x0000000741a69d90,0x0000000744680000)
 Metaspace       used 40890K, capacity 54535K, committed 54704K, reserved 1089536K
  class space    used 10015K, capacity 14481K, committed 14512K, reserved 1048576K
Event: 7457.350 GC heap after
Heap after GC invocations=18 (full 2):
 PSYoungGen      total 690176K, used 5784K [0x0000000795580000, 0x00000007c0000000, 0x00000007c0000000)
  eden space 681472K, 0% used [0x0000000795580000,0x0000000795580000,0x00000007bef00000)
  from space 8704K, 66% used [0x00000007bf780000,0x00000007bfd26328,0x00000007c0000000)
  to   space 8704K, 0% used [0x00000007bef00000,0x00000007bef00000,0x00000007bf780000)
 ParOldGen       total 72192K, used 33279K [0x0000000740000000, 0x0000000744680000, 0x0000000795580000)
  object space 72192K, 46% used [0x0000000740000000,0x000000074207fda0,0x0000000744680000)
 Metaspace       used 40890K, capacity 54535K, committed 54704K, reserved 1089536K
  class space    used 10015K, capacity 14481K, committed 14512K, reserved 1048576K
}
Event: 40018.709 GC heap before
{Heap before GC invocations=19 (full 2):
 PSYoungGen      total 690176K, used 687256K [0x0000000795580000, 0x00000007c0000000, 0x00000007c0000000)
  eden space 681472K, 100% used [0x0000000795580000,0x00000007bef00000,0x00000007bef00000)
  from space 8704K, 66% used [0x00000007bf780000,0x00000007bfd26328,0x00000007c0000000)
  to   space 8704K, 0% used [0x00000007bef00000,0x00000007bef00000,0x00000007bf780000)
 ParOldGen       total 72192K, used 33279K [0x0000000740000000, 0x0000000744680000, 0x0000000795580000)
  object space 72192K, 46% used [0x0000000740000000,0x000000074207fda0,0x0000000744680000)
 Metaspace       used 41680K, capacity 55815K, committed 56112K, reserved 1091584K
  class space    used 10159K, capacity 14788K, committed 14896K, reserved 1048576K
Event: 40018.720 GC heap after
Heap after GC invocations=19 (full 2):
 PSYoungGen      total 690176K, used 448K [0x0000000795580000, 0x00000007c0000000, 0x00000007c0000000)
  eden space 681472K, 0% used [0x0000000795580000,0x0000000795580000,0x00000007bef00000)
  from space 8704K, 5% used [0x00000007bef00000,0x00000007bef70000,0x00000007bf780000)
  to   space 8704K, 0% used [0x00000007bf780000,0x00000007bf780000,0x00000007c0000000)
 ParOldGen       total 72192K, used 38775K [0x0000000740000000, 0x0000000744680000, 0x0000000795580000)
  object space 72192K, 53% used [0x0000000740000000,0x00000007425ddde0,0x0000000744680000)
 Metaspace       used 41680K, capacity 55815K, committed 56112K, reserved 1091584K
  class space    used 10159K, capacity 14788K, committed 14896K, reserved 1048576K
}

