# JRE version: Java(TM) SE Runtime Environment (8.0_25-b17) (build 1.8.0_25-b17)
# Java VM: Java HotSpot(TM) 64-Bit Server VM (25.25-b02 mixed mode bsd-amd64 compressed oops)
Heap:
 PSYoungGen      total 690688K, used 641186K [0x0000000795580000, 0x00000007c0000000, 0x00000007c0000000)
  eden space 683008K, 92% used [0x0000000795580000,0x00000007bc02c8a0,0x00000007bf080000)
  from space 7680K, 99% used [0x00000007bf080000,0x00000007bf7fc020,0x00000007bf800000)
  to   space 8192K, 0% used [0x00000007bf800000,0x00000007bf800000,0x00000007c0000000)
 ParOldGen       total 94208K, used 28376K [0x0000000740000000, 0x0000000745c00000, 0x0000000795580000)
  object space 94208K, 30% used [0x0000000740000000,0x0000000741bb6188,0x0000000745c00000)
 Metaspace       used 41105K, capacity 54945K, committed 55040K, reserved 1089536K
  class space    used 10187K, capacity 14762K, committed 14848K, reserved 1048576K
GC Heap History (10 events):
Event: 12.810 GC heap before
{Heap before GC invocations=13 (full 1):
 PSYoungGen      total 431616K, used 423936K [0x0000000795580000, 0x00000007bfb00000, 0x00000007c0000000)
  eden space 423936K, 100% used [0x0000000795580000,0x00000007af380000,0x00000007af380000)
  from space 7680K, 0% used [0x00000007af380000,0x00000007af380000,0x00000007afb00000)
  to   space 7680K, 0% used [0x00000007bf380000,0x00000007bf380000,0x00000007bfb00000)
 ParOldGen       total 67072K, used 17774K [0x0000000740000000, 0x0000000744180000, 0x0000000795580000)
  object space 67072K, 26% used [0x0000000740000000,0x000000074115b970,0x0000000744180000)
 Metaspace       used 26513K, capacity 31209K, committed 31488K, reserved 1073152K
  class space    used 5796K, capacity 7386K, committed 7424K, reserved 1048576K
Event: 12.822 GC heap after
Heap after GC invocations=13 (full 1):
 PSYoungGen      total 583680K, used 5864K [0x0000000795580000, 0x00000007bf980000, 0x00000007c0000000)
  eden space 577536K, 0% used [0x0000000795580000,0x0000000795580000,0x00000007b8980000)
  from space 6144K, 95% used [0x00000007bf380000,0x00000007bf93a100,0x00000007bf980000)
  to   space 7680K, 0% used [0x00000007bea80000,0x00000007bea80000,0x00000007bf200000)
 ParOldGen       total 67072K, used 17782K [0x0000000740000000, 0x0000000744180000, 0x0000000795580000)
  object space 67072K, 26% used [0x0000000740000000,0x000000074115d970,0x0000000744180000)
 Metaspace       used 26513K, capacity 31209K, committed 31488K, reserved 1073152K
  class space    used 5796K, capacity 7386K, committed 7424K, reserved 1048576K
}
Event: 14.936 GC heap before
{Heap before GC invocations=14 (full 1):
 PSYoungGen      total 583680K, used 234239K [0x0000000795580000, 0x00000007bf980000, 0x00000007c0000000)
  eden space 577536K, 39% used [0x0000000795580000,0x00000007a3485e58,0x00000007b8980000)
  from space 6144K, 95% used [0x00000007bf380000,0x00000007bf93a100,0x00000007bf980000)
  to   space 7680K, 0% used [0x00000007bea80000,0x00000007bea80000,0x00000007bf200000)
 ParOldGen       total 67072K, used 17782K [0x0000000740000000, 0x0000000744180000, 0x0000000795580000)
  object space 67072K, 26% used [0x0000000740000000,0x000000074115d970,0x0000000744180000)
 Metaspace       used 29131K, capacity 35191K, committed 35416K, reserved 1075200K
  class space    used 6681K, capacity 8820K, committed 8832K, reserved 1048576K
Event: 14.952 GC heap after
Heap after GC invocations=14 (full 1):
 PSYoungGen      total 684544K, used 2466K [0x0000000795580000, 0x00000007c0000000, 0x00000007c0000000)
  eden space 676864K, 0% used [0x0000000795580000,0x0000000795580000,0x00000007bea80000)
  from space 7680K, 32% used [0x00000007bea80000,0x00000007bece8b78,0x00000007bf200000)
  to   space 8192K, 0% used [0x00000007bf800000,0x00000007bf800000,0x00000007c0000000)
 ParOldGen       total 67072K, used 22689K [0x0000000740000000, 0x0000000744180000, 0x0000000795580000)
  object space 67072K, 33% used [0x0000000740000000,0x00000007416284f0,0x0000000744180000)
 Metaspace       used 29131K, capacity 35191K, committed 35416K, reserved 1075200K
  class space    used 6681K, capacity 8820K, committed 8832K, reserved 1048576K
}
Event: 14.952 GC heap before
{Heap before GC invocations=15 (full 2):
 PSYoungGen      total 684544K, used 2466K [0x0000000795580000, 0x00000007c0000000, 0x00000007c0000000)
  eden space 676864K, 0% used [0x0000000795580000,0x0000000795580000,0x00000007bea80000)
  from space 7680K, 32% used [0x00000007bea80000,0x00000007bece8b78,0x00000007bf200000)
  to   space 8192K, 0% used [0x00000007bf800000,0x00000007bf800000,0x00000007c0000000)
 ParOldGen       total 67072K, used 22689K [0x0000000740000000, 0x0000000744180000, 0x0000000795580000)
  object space 67072K, 33% used [0x0000000740000000,0x00000007416284f0,0x0000000744180000)
 Metaspace       used 29131K, capacity 35191K, committed 35416K, reserved 1075200K
  class space    used 6681K, capacity 8820K, committed 8832K, reserved 1048576K
Event: 15.081 GC heap after
Heap after GC invocations=15 (full 2):
 PSYoungGen      total 684544K, used 0K [0x0000000795580000, 0x00000007c0000000, 0x00000007c0000000)
  eden space 676864K, 0% used [0x0000000795580000,0x0000000795580000,0x00000007bea80000)
  from space 7680K, 0% used [0x00000007bea80000,0x00000007bea80000,0x00000007bf200000)
  to   space 8192K, 0% used [0x00000007bf800000,0x00000007bf800000,0x00000007c0000000)
 ParOldGen       total 94208K, used 24188K [0x0000000740000000, 0x0000000745c00000, 0x0000000795580000)
  object space 94208K, 25% used [0x0000000740000000,0x000000074179f350,0x0000000745c00000)
 Metaspace       used 29129K, capacity 35189K, committed 35416K, reserved 1075200K
  class space    used 6680K, capacity 8819K, committed 8832K, reserved 1048576K
}
Event: 16.658 GC heap before
{Heap before GC invocations=16 (full 2):
 PSYoungGen      total 684544K, used 676864K [0x0000000795580000, 0x00000007c0000000, 0x00000007c0000000)
  eden space 676864K, 100% used [0x0000000795580000,0x00000007bea80000,0x00000007bea80000)
  from space 7680K, 0% used [0x00000007bea80000,0x00000007bea80000,0x00000007bf200000)
  to   space 8192K, 0% used [0x00000007bf800000,0x00000007bf800000,0x00000007c0000000)
 ParOldGen       total 94208K, used 24188K [0x0000000740000000, 0x0000000745c00000, 0x0000000795580000)
  object space 94208K, 25% used [0x0000000740000000,0x000000074179f350,0x0000000745c00000)
 Metaspace       used 30327K, capacity 36897K, committed 37120K, reserved 1077248K
  class space    used 7100K, capacity 9452K, committed 9472K, reserved 1048576K
Event: 16.667 GC heap after
Heap after GC invocations=16 (full 2):
 PSYoungGen      total 690688K, used 4606K [0x0000000795580000, 0x00000007bff80000, 0x00000007c0000000)
  eden space 683008K, 0% used [0x0000000795580000,0x0000000795580000,0x00000007bf080000)
  from space 7680K, 59% used [0x00000007bf800000,0x00000007bfc7fb98,0x00000007bff80000)
  to   space 7680K, 0% used [0x00000007bf080000,0x00000007bf080000,0x00000007bf800000)
 ParOldGen       total 94208K, used 24196K [0x0000000740000000, 0x0000000745c00000, 0x0000000795580000)
  object space 94208K, 25% used [0x0000000740000000,0x00000007417a1350,0x0000000745c00000)
 Metaspace       used 30327K, capacity 36897K, committed 37120K, reserved 1077248K
  class space    used 7100K, capacity 9452K, committed 9472K, reserved 1048576K
}
Event: 19.327 GC heap before
{Heap before GC invocations=17 (full 2):
 PSYoungGen      total 690688K, used 687614K [0x0000000795580000, 0x00000007bff80000, 0x00000007c0000000)
  eden space 683008K, 100% used [0x0000000795580000,0x00000007bf080000,0x00000007bf080000)
  from space 7680K, 59% used [0x00000007bf800000,0x00000007bfc7fb98,0x00000007bff80000)
  to   space 7680K, 0% used [0x00000007bf080000,0x00000007bf080000,0x00000007bf800000)
 ParOldGen       total 94208K, used 24196K [0x0000000740000000, 0x0000000745c00000, 0x0000000795580000)
  object space 94208K, 25% used [0x0000000740000000,0x00000007417a1350,0x0000000745c00000)
 Metaspace       used 34734K, capacity 44061K, committed 44160K, reserved 1081344K
  class space    used 8359K, capacity 11560K, committed 11648K, reserved 1048576K
Event: 19.346 GC heap after
Heap after GC invocations=17 (full 2):
 PSYoungGen      total 690688K, used 7664K [0x0000000795580000, 0x00000007c0000000, 0x00000007c0000000)
  eden space 683008K, 0% used [0x0000000795580000,0x0000000795580000,0x00000007bf080000)
  from space 7680K, 99% used [0x00000007bf080000,0x00000007bf7fc020,0x00000007bf800000)
  to   space 8192K, 0% used [0x00000007bf800000,0x00000007bf800000,0x00000007c0000000)
 ParOldGen       total 94208K, used 28376K [0x0000000740000000, 0x0000000745c00000, 0x0000000795580000)
  object space 94208K, 30% used [0x0000000740000000,0x0000000741bb6188,0x0000000745c00000)
 Metaspace       used 34734K, capacity 44061K, committed 44160K, reserved 1081344K
  class space    used 8359K, capacity 11560K, committed 11648K, reserved 1048576K
}

