# JRE version: Java(TM) SE Runtime Environment (8.0_25-b17) (build 1.8.0_25-b17)
# Java VM: Java HotSpot(TM) 64-Bit Server VM (25.25-b02 mixed mode bsd-amd64 compressed oops)
Heap:
 PSYoungGen      total 690688K, used 645285K [0x0000000795580000, 0x00000007c0000000, 0x00000007c0000000)
  eden space 683008K, 93% used [0x0000000795580000,0x00000007bc431628,0x00000007bf080000)
  from space 7680K, 99% used [0x00000007bf080000,0x00000007bf7f8010,0x00000007bf800000)
  to   space 8192K, 0% used [0x00000007bf800000,0x00000007bf800000,0x00000007c0000000)
 ParOldGen       total 86528K, used 28330K [0x0000000740000000, 0x0000000745480000, 0x0000000795580000)
  object space 86528K, 32% used [0x0000000740000000,0x0000000741baa988,0x0000000745480000)
 Metaspace       used 41111K, capacity 54941K, committed 55040K, reserved 1089536K
  class space    used 10193K, capacity 14762K, committed 14848K, reserved 1048576K
GC Heap History (10 events):
Event: 20.381 GC heap before
{Heap before GC invocations=13 (full 1):
 PSYoungGen      total 431616K, used 423936K [0x0000000795580000, 0x00000007bfb00000, 0x00000007c0000000)
  eden space 423936K, 100% used [0x0000000795580000,0x00000007af380000,0x00000007af380000)
  from space 7680K, 0% used [0x00000007af380000,0x00000007af380000,0x00000007afb00000)
  to   space 7680K, 0% used [0x00000007bf380000,0x00000007bf380000,0x00000007bfb00000)
 ParOldGen       total 63488K, used 17775K [0x0000000740000000, 0x0000000743e00000, 0x0000000795580000)
  object space 63488K, 27% used [0x0000000740000000,0x000000074115be28,0x0000000743e00000)
 Metaspace       used 26548K, capacity 31209K, committed 31488K, reserved 1073152K
  class space    used 5803K, capacity 7386K, committed 7424K, reserved 1048576K
Event: 20.391 GC heap after
Heap after GC invocations=13 (full 1):
 PSYoungGen      total 616960K, used 5877K [0x0000000795580000, 0x00000007bf980000, 0x00000007c0000000)
  eden space 610816K, 0% used [0x0000000795580000,0x0000000795580000,0x00000007baa00000)
  from space 6144K, 95% used [0x00000007bf380000,0x00000007bf93d4c8,0x00000007bf980000)
  to   space 7680K, 0% used [0x00000007bea80000,0x00000007bea80000,0x00000007bf200000)
 ParOldGen       total 63488K, used 17783K [0x0000000740000000, 0x0000000743e00000, 0x0000000795580000)
  object space 63488K, 28% used [0x0000000740000000,0x000000074115de28,0x0000000743e00000)
 Metaspace       used 26548K, capacity 31209K, committed 31488K, reserved 1073152K
  class space    used 5803K, capacity 7386K, committed 7424K, reserved 1048576K
}
Event: 22.194 GC heap before
{Heap before GC invocations=14 (full 1):
 PSYoungGen      total 616960K, used 231831K [0x0000000795580000, 0x00000007bf980000, 0x00000007c0000000)
  eden space 610816K, 36% used [0x0000000795580000,0x00000007a32288a0,0x00000007baa00000)
  from space 6144K, 95% used [0x00000007bf380000,0x00000007bf93d4c8,0x00000007bf980000)
  to   space 7680K, 0% used [0x00000007bea80000,0x00000007bea80000,0x00000007bf200000)
 ParOldGen       total 63488K, used 17783K [0x0000000740000000, 0x0000000743e00000, 0x0000000795580000)
  object space 63488K, 28% used [0x0000000740000000,0x000000074115de28,0x0000000743e00000)
 Metaspace       used 29166K, capacity 35255K, committed 35416K, reserved 1075200K
  class space    used 6689K, capacity 8820K, committed 8832K, reserved 1048576K
Event: 22.208 GC heap after
Heap after GC invocations=14 (full 1):
 PSYoungGen      total 684544K, used 2476K [0x0000000795580000, 0x00000007c0000000, 0x00000007c0000000)
  eden space 676864K, 0% used [0x0000000795580000,0x0000000795580000,0x00000007bea80000)
  from space 7680K, 32% used [0x00000007bea80000,0x00000007beceb298,0x00000007bf200000)
  to   space 8192K, 0% used [0x00000007bf800000,0x00000007bf800000,0x00000007c0000000)
 ParOldGen       total 63488K, used 22694K [0x0000000740000000, 0x0000000743e00000, 0x0000000795580000)
  object space 63488K, 35% used [0x0000000740000000,0x00000007416299b8,0x0000000743e00000)
 Metaspace       used 29166K, capacity 35255K, committed 35416K, reserved 1075200K
  class space    used 6689K, capacity 8820K, committed 8832K, reserved 1048576K
}
Event: 22.208 GC heap before
{Heap before GC invocations=15 (full 2):
 PSYoungGen      total 684544K, used 2476K [0x0000000795580000, 0x00000007c0000000, 0x00000007c0000000)
  eden space 676864K, 0% used [0x0000000795580000,0x0000000795580000,0x00000007bea80000)
  from space 7680K, 32% used [0x00000007bea80000,0x00000007beceb298,0x00000007bf200000)
  to   space 8192K, 0% used [0x00000007bf800000,0x00000007bf800000,0x00000007c0000000)
 ParOldGen       total 63488K, used 22694K [0x0000000740000000, 0x0000000743e00000, 0x0000000795580000)
  object space 63488K, 35% used [0x0000000740000000,0x00000007416299b8,0x0000000743e00000)
 Metaspace       used 29166K, capacity 35255K, committed 35416K, reserved 1075200K
  class space    used 6689K, capacity 8820K, committed 8832K, reserved 1048576K
Event: 22.331 GC heap after
Heap after GC invocations=15 (full 2):
 PSYoungGen      total 684544K, used 0K [0x0000000795580000, 0x00000007c0000000, 0x00000007c0000000)
  eden space 676864K, 0% used [0x0000000795580000,0x0000000795580000,0x00000007bea80000)
  from space 7680K, 0% used [0x00000007bea80000,0x00000007bea80000,0x00000007bf200000)
  to   space 8192K, 0% used [0x00000007bf800000,0x00000007bf800000,0x00000007c0000000)
 ParOldGen       total 86528K, used 24190K [0x0000000740000000, 0x0000000745480000, 0x0000000795580000)
  object space 86528K, 27% used [0x0000000740000000,0x000000074179fa50,0x0000000745480000)
 Metaspace       used 29164K, capacity 35253K, committed 35416K, reserved 1075200K
  class space    used 6688K, capacity 8819K, committed 8832K, reserved 1048576K
}
Event: 23.806 GC heap before
{Heap before GC invocations=16 (full 2):
 PSYoungGen      total 684544K, used 676864K [0x0000000795580000, 0x00000007c0000000, 0x00000007c0000000)
  eden space 676864K, 100% used [0x0000000795580000,0x00000007bea80000,0x00000007bea80000)
  from space 7680K, 0% used [0x00000007bea80000,0x00000007bea80000,0x00000007bf200000)
  to   space 8192K, 0% used [0x00000007bf800000,0x00000007bf800000,0x00000007c0000000)
 ParOldGen       total 86528K, used 24190K [0x0000000740000000, 0x0000000745480000, 0x0000000795580000)
  object space 86528K, 27% used [0x0000000740000000,0x000000074179fa50,0x0000000745480000)
 Metaspace       used 30345K, capacity 36857K, committed 37120K, reserved 1077248K
  class space    used 7100K, capacity 9440K, committed 9472K, reserved 1048576K
Event: 23.813 GC heap after
Heap after GC invocations=16 (full 2):
 PSYoungGen      total 690688K, used 4515K [0x0000000795580000, 0x00000007bff80000, 0x00000007c0000000)
  eden space 683008K, 0% used [0x0000000795580000,0x0000000795580000,0x00000007bf080000)
  from space 7680K, 58% used [0x00000007bf800000,0x00000007bfc68cc8,0x00000007bff80000)
  to   space 7680K, 0% used [0x00000007bf080000,0x00000007bf080000,0x00000007bf800000)
 ParOldGen       total 86528K, used 24198K [0x0000000740000000, 0x0000000745480000, 0x0000000795580000)
  object space 86528K, 27% used [0x0000000740000000,0x00000007417a1a50,0x0000000745480000)
 Metaspace       used 30345K, capacity 36857K, committed 37120K, reserved 1077248K
  class space    used 7100K, capacity 9440K, committed 9472K, reserved 1048576K
}
Event: 26.365 GC heap before
{Heap before GC invocations=17 (full 2):
 PSYoungGen      total 690688K, used 687523K [0x0000000795580000, 0x00000007bff80000, 0x00000007c0000000)
  eden space 683008K, 100% used [0x0000000795580000,0x00000007bf080000,0x00000007bf080000)
  from space 7680K, 58% used [0x00000007bf800000,0x00000007bfc68cc8,0x00000007bff80000)
  to   space 7680K, 0% used [0x00000007bf080000,0x00000007bf080000,0x00000007bf800000)
 ParOldGen       total 86528K, used 24198K [0x0000000740000000, 0x0000000745480000, 0x0000000795580000)
  object space 86528K, 27% used [0x0000000740000000,0x00000007417a1a50,0x0000000745480000)
 Metaspace       used 34760K, capacity 44085K, committed 44160K, reserved 1081344K
  class space    used 8364K, capacity 11588K, committed 11648K, reserved 1048576K
Event: 26.381 GC heap after
Heap after GC invocations=17 (full 2):
 PSYoungGen      total 690688K, used 7648K [0x0000000795580000, 0x00000007c0000000, 0x00000007c0000000)
  eden space 683008K, 0% used [0x0000000795580000,0x0000000795580000,0x00000007bf080000)
  from space 7680K, 99% used [0x00000007bf080000,0x00000007bf7f8010,0x00000007bf800000)
  to   space 8192K, 0% used [0x00000007bf800000,0x00000007bf800000,0x00000007c0000000)
 ParOldGen       total 86528K, used 28330K [0x0000000740000000, 0x0000000745480000, 0x0000000795580000)
  object space 86528K, 32% used [0x0000000740000000,0x0000000741baa988,0x0000000745480000)
 Metaspace       used 34760K, capacity 44085K, committed 44160K, reserved 1081344K
  class space    used 8364K, capacity 11588K, committed 11648K, reserved 1048576K
}

